

> @askinfosec/ai-chat-sdk@0.1.0 check-all /Users/mp/Dev-Workspaces/hyke/github/mp-hyke/askinfosec/packages/ai-chat-sdk
> pnpm check-format && pnpm check-lint && pnpm check-types && pnpm build


> @askinfosec/ai-chat-sdk@0.1.0 check-format /Users/mp/Dev-Workspaces/hyke/github/mp-hyke/askinfosec/packages/ai-chat-sdk
> prettier --check .

Checking formatting...
.prettierignore[2K[1Geslint.config.mjs[2K[1Gjest.config.cjs[2K[1Gpackage.json[2K[1Gsrc/adapters/askinfosec-adapter.ts[2K[1Gsrc/adapters/index.ts[2K[1Gsrc/extensions/artifact-registry.ts[2K[1Gsrc/extensions/command-registry.ts[2K[1Gsrc/extensions/slash-command-registry.spec.ts[2K[1Gsrc/extensions/slash-command-registry.ts[2K[1Gsrc/headless/context/chat-provider.tsx[2K[1Gsrc/headless/hooks/stream-event-utils.spec.ts[2K[1Gsrc/headless/hooks/stream-event-utils.ts[2K[1Gsrc/headless/hooks/use-artifacts.ts[2K[1Gsrc/headless/hooks/use-chat.ts[2K[1Gsrc/headless/hooks/use-conversation-history.ts[2K[1Gsrc/headless/hooks/use-sticky-bottom.ts[2K[1Gsrc/headless/index.ts[2K[1Gsrc/headless/types/adapter.ts[2K[1Gsrc/headless/types/artifact.ts[2K[1Gsrc/headless/types/chat.ts[2K[1Gsrc/headless/types/config.ts[2K[1Gsrc/headless/types/index.ts[2K[1Gsrc/headless/types/session.ts[2K[1Gsrc/index.ts[2K[1Gsrc/lib/cn.ts[2K[1Gsrc/styles/styles-no-base.css[2K[1Gsrc/styles/styles.css[2K[1Gsrc/styles/tokens.css[2K[1Gsrc/ui/artifact-panel/artifact-panel.tsx[2K[1Gsrc/ui/artifact-panel/artifact-preview.tsx[2K[1Gsrc/ui/artifact-panel/artifact-tabs.tsx[2K[1Gsrc/ui/command-palette/command-palette.tsx[2K[1Gsrc/ui/composer/chat-composer.spec.tsx[2K[1Gsrc/ui/composer/chat-composer.tsx[2K[1Gsrc/ui/composer/context-tag-bar.tsx[2K[1Gsrc/ui/composer/slash-command-menu.spec.tsx[2K[1Gsrc/ui/composer/slash-command-menu.tsx[2K[1Gsrc/ui/empty-state/chat-empty-state.tsx[2K[1Gsrc/ui/index.ts[2K[1Gsrc/ui/messages/artifact-chip.tsx[2K[1Gsrc/ui/messages/chat-message.spec.tsx[2K[1Gsrc/ui/messages/chat-message.tsx[2K[1Gsrc/ui/messages/chat-messages.tsx[2K[1Gsrc/ui/messages/follow-up-suggestions.tsx[2K[1Gsrc/ui/messages/reasoning-block.tsx[2K[1Gsrc/ui/primitives/loading-skeleton.tsx[2K[1Gsrc/ui/primitives/resizable-handle.tsx[2K[1Gsrc/ui/primitives/typing-indicator.tsx[2K[1Gsrc/ui/recents/recents-page.tsx[2K[1Gsrc/ui/shared/confirm-dialog.tsx[2K[1Gsrc/ui/shared/recent-session-item.tsx[2K[1Gsrc/ui/shell/chat-shell-header.tsx[2K[1Gsrc/ui/shell/chat-shell.tsx[2K[1Gsrc/ui/sidebar/chat-sidebar.tsx[2K[1Gsrc/ui/widget/chat-widget.tsx[2K[1Gsrc/ui/widget/index.ts[2K[1Gtsconfig.build.json[2K[1Gtsconfig.jest.json[2K[1Gtsconfig.json[2K[1Gtsup.config.ts[2K[1GAll matched files use Prettier code style!

> @askinfosec/ai-chat-sdk@0.1.0 check-lint /Users/mp/Dev-Workspaces/hyke/github/mp-hyke/askinfosec/packages/ai-chat-sdk
> eslint . --max-warnings 0

=============


WARNING: You are currently running a version of TypeScript which is not officially supported by @typescript-eslint/typescript-estree.


* @typescript-eslint/typescript-estree version: 8.57.2
* Supported TypeScript versions: >=4.8.4 <6.0.0
* Your TypeScript version: 6.0.2


Please only submit bug reports when using the officially supported version.


=============

> @askinfosec/ai-chat-sdk@0.1.0 check-types /Users/mp/Dev-Workspaces/hyke/github/mp-hyke/askinfosec/packages/ai-chat-sdk
> tsc --noEmit


> @askinfosec/ai-chat-sdk@0.1.0 build /Users/mp/Dev-Workspaces/hyke/github/mp-hyke/askinfosec/packages/ai-chat-sdk
> pnpm run clean && tsup && tsc -p tsconfig.build.json && mkdir -p dist/styles && cp src/styles/*.css dist/styles/


> @askinfosec/ai-chat-sdk@0.1.0 clean /Users/mp/Dev-Workspaces/hyke/github/mp-hyke/askinfosec/packages/ai-chat-sdk
> rimraf dist tsconfig.tsbuildinfo

CLI Building entry: {"index":"src/index.ts","headless/index":"src/headless/index.ts","ui/index":"src/ui/index.ts","adapters/index":"src/adapters/index.ts","headless/types/index":"src/headless/types/index.ts"}
CLI Using tsconfig: tsconfig.json
CLI tsup v8.5.1
CLI Using tsup config: /Users/mp/Dev-Workspaces/hyke/github/mp-hyke/askinfosec/packages/ai-chat-sdk/tsup.config.ts
CLI Target: es2022
ESM Build start
Generated an empty chunk: "chunk-AOJILNHO".
Generated an empty chunk: "chunk-6LAPTYUJ".
ESM dist/chunk-AOJILNHO.js           86.00 B
ESM dist/index.js                    921.00 B
ESM dist/chunk-UQRVZO6A.js           413.00 B
ESM dist/chunk-L63HJ7KH.js           19.35 KB
ESM dist/chunk-5FH7MBCG.js           4.54 KB
ESM dist/adapters/index.js           156.00 B
ESM dist/chunk-SQV4IBE7.js           1.86 KB
ESM dist/chunk-CX7D425A.js           71.25 KB
ESM dist/chunk-6LAPTYUJ.js           86.00 B
ESM dist/headless/types/index.js     159.00 B
ESM dist/ui/index.js                 506.00 B
ESM dist/headless/index.js           367.00 B
ESM dist/index.js.map                69.00 B
ESM dist/chunk-UQRVZO6A.js.map       1.04 KB
ESM dist/chunk-AOJILNHO.js.map       78.00 B
ESM dist/chunk-L63HJ7KH.js.map       43.55 KB
ESM dist/adapters/index.js.map       69.00 B
ESM dist/chunk-5FH7MBCG.js.map       11.08 KB
ESM dist/chunk-6LAPTYUJ.js.map       78.00 B
ESM dist/headless/types/index.js.map 69.00 B
ESM dist/headless/index.js.map       69.00 B
ESM dist/chunk-CX7D425A.js.map       145.48 KB
ESM dist/chunk-SQV4IBE7.js.map       4.48 KB
ESM dist/ui/index.js.map             69.00 B
ESM ⚡️ Build success in 1023ms
